0 info it worked if it ends with ok
1 verbose cli [ 'D:\\nodejs\\node.exe',
1 verbose cli   'D:\\nodejs\\node_modules\\npm\\bin\\npm-cli.js',
1 verbose cli   'start' ]
2 info using npm@3.10.10
3 info using node@v6.10.2
4 verbose run-script [ 'prestart', 'start', 'poststart' ]
5 info lifecycle myserver@0.0.0~prestart: myserver@0.0.0
6 silly lifecycle myserver@0.0.0~prestart: no script for prestart, continuing
7 info lifecycle myserver@0.0.0~start: myserver@0.0.0
8 verbose lifecycle myserver@0.0.0~start: unsafe-perm in lifecycle true
9 verbose lifecycle myserver@0.0.0~start: PATH: D:\nodejs\node_modules\npm\bin\node-gyp-bin;E:\JadonGitHub\JadonLab\project\myserver\node_modules\.bin;D:\python\;D:\python\Scripts;C:\ProgramData\Oracle\Java\javapath;C:\Program Files (x86)\NVIDIA Corporation\PhysX\Common;C:\Program Files (x86)\Intel\iCLS Client\;C:\Program Files\Intel\iCLS Client\;C:\Windows\system32;C:\Windows;C:\Windows\System32\Wbem;C:\Windows\System32\WindowsPowerShell\v1.0\;C:\Program Files\Intel\Intel(R) Management Engine Components\DAL;C:\Program Files\Intel\Intel(R) Management Engine Components\IPT;C:\Program Files (x86)\Intel\Intel(R) Management Engine Components\DAL;C:\Program Files (x86)\Intel\Intel(R) Management Engine Components\IPT;C:\Program Files (x86)\Intel\OpenCL SDK\2.0\bin\x86;C:\Program Files (x86)\Intel\OpenCL SDK\2.0\bin\x64;C:\Program Files (x86)\Intel\OpenCL SDK\2.0\bin\x86;C:\Program Files (x86)\Intel\OpenCL SDK\2.0\bin\x64;D:\Java\jdk1.8\bin;D:\apache-ant-1.9.6\bin;D:\adtEclipse\sdk\tools;D:\adtEclipse\sdk\platform-tools;D:\TortoiseSVN\bin;D:\TortoiseGit\bin;D:\sqllite\sqllite3;D:\python\;D:\nodejs\;D:\tomcat\apache-tomcat-8.5.14;C:\Program Files (x86)\Microsoft SQL Server\80\Tools\Binn\;C:\Program Files\Microsoft SQL Server\90\Tools\binn\;C:\Program Files (x86)\Microsoft SQL Server\90\Tools\binn\;C:\ProgramData\chocolatey\bin;D:\cocos\cocos2d-x-3.13.1\templates;D:\cocos\cocos2d-x-3.13.1\tools\cocos2d-console\bin;D:\Egret\Egret Wing 3\bin;C:\Users\Administrator\AppData\Roaming\npm;C:\Users\Administrator\AppData\Local\atom\bin
10 verbose lifecycle myserver@0.0.0~start: CWD: E:\JadonGitHub\JadonLab\project\myserver
11 silly lifecycle myserver@0.0.0~start: Args: [ '/d /s /c', 'node ./bin/www' ]
12 silly lifecycle myserver@0.0.0~start: Returned: code: 3221225786  signal: null
13 info lifecycle myserver@0.0.0~start: Failed to exec start script
14 verbose stack Error: myserver@0.0.0 start: `node ./bin/www`
14 verbose stack Exit status 3221225786
14 verbose stack     at EventEmitter.<anonymous> (D:\nodejs\node_modules\npm\lib\utils\lifecycle.js:255:16)
14 verbose stack     at emitTwo (events.js:106:13)
14 verbose stack     at EventEmitter.emit (events.js:191:7)
14 verbose stack     at ChildProcess.<anonymous> (D:\nodejs\node_modules\npm\lib\utils\spawn.js:40:14)
14 verbose stack     at emitTwo (events.js:106:13)
14 verbose stack     at ChildProcess.emit (events.js:191:7)
14 verbose stack     at maybeClose (internal/child_process.js:886:16)
14 verbose stack     at Process.ChildProcess._handle.onexit (internal/child_process.js:226:5)
15 verbose pkgid myserver@0.0.0
16 verbose cwd E:\JadonGitHub\JadonLab\project\myserver
17 error Windows_NT 6.1.7601
18 error argv "D:\\nodejs\\node.exe" "D:\\nodejs\\node_modules\\npm\\bin\\npm-cli.js" "start"
19 error node v6.10.2
20 error npm  v3.10.10
21 error code ELIFECYCLE
22 error myserver@0.0.0 start: `node ./bin/www`
22 error Exit status 3221225786
23 error Failed at the myserver@0.0.0 start script 'node ./bin/www'.
23 error Make sure you have the latest version of node.js and npm installed.
23 error If you do, this is most likely a problem with the myserver package,
23 error not with npm itself.
23 error Tell the author that this fails on your system:
23 error     node ./bin/www
23 error You can get information on how to open an issue for this project with:
23 error     npm bugs myserver
23 error Or if that isn't available, you can get their info via:
23 error     npm owner ls myserver
23 error There is likely additional logging output above.
24 verbose exit [ 1, true ]
